<?xml version="1.0" encoding="UTF-8"?>
<!-- Generated by org.testng.reporters.JUnitReportReporter -->
<testsuite hostname="NJLTMPATEL" failures="0" tests="1" name="brli.AddUserLOO" time="35.612" errors="0" timestamp="06 Jan 2019 05:22:49 GMT" skipped="0">
  <testcase classname="brli.AddUserLOO" name="adduserloo" time="35.612"/>
</testsuite> <!-- brli.AddUserLOO -->
