<?xml version="1.0" encoding="UTF-8"?>
<!-- Generated by org.testng.reporters.JUnitReportReporter -->
<testsuite hostname="NJLTMPATEL" failures="0" tests="1" name="brli.AddUserPA" time="35.684" errors="0" timestamp="06 Jan 2019 05:22:49 GMT" skipped="0">
  <testcase classname="brli.AddUserPA" name="adduserpa" time="35.684"/>
</testsuite> <!-- brli.AddUserPA -->
