<?xml version="1.0" encoding="UTF-8"?>
<!-- Generated by org.testng.reporters.JUnitReportReporter -->
<testsuite hostname="NJLTMPATEL" failures="0" tests="1" name="brli.AddUserPIO" time="39.080" errors="0" timestamp="06 Jan 2019 05:22:49 GMT" skipped="0">
  <testcase classname="brli.AddUserPIO" name="adduserpio" time="39.080"/>
</testsuite> <!-- brli.AddUserPIO -->
