<?xml version="1.0" encoding="UTF-8"?>
<!-- Generated by org.testng.reporters.JUnitReportReporter -->
<testsuite hostname="NJLTMPATEL" failures="0" tests="1" name="brli.DrawLaterThirdParty" time="69.584" errors="0" timestamp="06 Jan 2019 08:31:04 GMT" skipped="0">
  <testcase classname="brli.DrawLaterThirdParty" name="addpatientdltp" time="69.584"/>
</testsuite> <!-- brli.DrawLaterThirdParty -->
