<?xml version="1.0" encoding="UTF-8"?>
<!-- Generated by org.testng.reporters.JUnitReportReporter -->
<testsuite hostname="NJLTMPATEL" failures="0" tests="1" name="brli.DrawNowPaidAtPSC" time="61.783" errors="0" timestamp="06 Jan 2019 08:31:04 GMT" skipped="0">
  <testcase classname="brli.DrawNowPaidAtPSC" name="addpatientdnpsc" time="61.783"/>
</testsuite> <!-- brli.DrawNowPaidAtPSC -->
