<?xml version="1.0" encoding="UTF-8"?>
<!-- Generated by org.testng.reporters.JUnitReportReporter -->
<testsuite hostname="NJLTCHPATEL" failures="0" tests="1" name="brli.AddUser" time="34.725" errors="0" timestamp="23 Nov 2018 16:13:06 GMT" skipped="0">
  <testcase classname="brli.AddUser" name="adduser" time="34.725"/>
</testsuite> <!-- brli.AddUser -->
