<?xml version="1.0" encoding="UTF-8"?>
<!-- Generated by org.testng.reporters.JUnitReportReporter -->
<testsuite hostname="NJLTMPATEL" failures="0" tests="1" name="brli.AddUserRO" time="35.826" errors="0" timestamp="06 Jan 2019 05:22:49 GMT" skipped="0">
  <testcase classname="brli.AddUserRO" name="adduserro" time="35.826"/>
</testsuite> <!-- brli.AddUserRO -->
